<?xml version="1.0" encoding="UTF-8"?>
<!-- Generated by org.testng.reporters.JUnitReportReporter -->
<testsuite hostname="DESKTOP-1J6Q2U8" failures="0" tests="3" name="com.example.tests.TestNG_Reports" time="0.012" errors="0" timestamp="2025-05-30T14:49:12 IST" skipped="0">
  <testcase classname="com.example.tests.TestNG_Reports" name="Testcase01" time="0.008">
    <system-out>
      <![CDATA[Test 1 log
Test 1 another log
Test 1 another log]]>
    </system-out>
  </testcase> <!-- Testcase01 -->
  <testcase classname="com.example.tests.TestNG_Reports" name="Testcase02" time="0.002">
    <system-out>
      <![CDATA[Test 2 log]]>
    </system-out>
  </testcase> <!-- Testcase02 -->
  <testcase classname="com.example.tests.TestNG_Reports" name="Testcase03" time="0.002">
    <system-out>
      <![CDATA[Test 3 log]]>
    </system-out>
  </testcase> <!-- Testcase03 -->
  <system-out>
    <![CDATA[Test 1 log
Test 1 another log
Test 1 another log
Test 2 log
Test 3 log]]>
  </system-out>
</testsuite> <!-- com.example.tests.TestNG_Reports -->
