<?xml version="1.0" encoding="UTF-8"?>
<!-- Generated by org.testng.reporters.JUnitReportReporter -->
<testsuite hostname="DESKTOP-1J6Q2U8" failures="0" tests="4" name="com.example.tests.InvocationCount" time="0.013" errors="0" timestamp="2025-05-29T11:06:01 IST" skipped="0">
  <testcase classname="com.example.tests.InvocationCount" name="InvocationCountMethod1" time="0.002"/>
  <testcase classname="com.example.tests.InvocationCount" name="InvocationCountMethod1" time="0.008"/>
  <testcase classname="com.example.tests.InvocationCount" name="InvocationCountMethod3" time="0.001"/>
  <testcase classname="com.example.tests.InvocationCount" name="InvocationCountMethod1" time="0.002"/>
</testsuite> <!-- com.example.tests.InvocationCount -->
