<?xml version="1.0" encoding="UTF-8"?>
<!-- Generated by org.testng.reporters.JUnitReportReporter -->
<testsuite hostname="DESKTOP-1J6Q2U8" failures="0" tests="1" name="com.example.tests.Logo_Verify_1" time="14.033" errors="0" timestamp="2025-05-30T10:46:38 IST" skipped="0">
  <testcase classname="com.example.tests.Logo_Verify_1" name="Launchbrowser" time="14.033"/>
</testsuite> <!-- com.example.tests.Logo_Verify_1 -->
