<?xml version="1.0" encoding="UTF-8"?>
<!-- Generated by org.testng.reporters.JUnitReportReporter -->
<testsuite hostname="DESKTOP-1J6Q2U8" failures="0" tests="1" name="com.example.tests.Logo_Verify_2" time="7.618" errors="0" timestamp="2025-05-28T17:09:20 IST" skipped="0">
  <testcase classname="com.example.tests.Logo_Verify_2" name="Launchbrowser" time="7.618"/>
</testsuite> <!-- com.example.tests.Logo_Verify_2 -->
