<?xml version="1.0" encoding="UTF-8"?>
<!-- Generated by org.testng.reporters.JUnitReportReporter -->
<testsuite hostname="DESKTOP-1J6Q2U8" failures="0" tests="1" name="com.example.tests.POM_with_page_factory_Test" time="7.865" errors="0" timestamp="2025-05-30T11:14:27 IST" skipped="0">
  <testcase classname="com.example.tests.POM_with_page_factory_Test" name="POMpagefactory" time="7.865"/>
</testsuite> <!-- com.example.tests.POM_with_page_factory_Test -->
