<?xml version="1.0" encoding="UTF-8"?>
<!-- Generated by org.testng.reporters.JUnitReportReporter -->
<testsuite hostname="DESKTOP-1J6Q2U8" failures="0" tests="3" name="com.example.tests.TestNG_Test" time="19.889" errors="0" timestamp="2025-05-28T16:06:01 IST" skipped="1">
  <testcase classname="com.example.tests.TestNG_Test" name="Test_skip" time="0.001">
    <skipped/>
  </testcase> <!-- Test_skip -->
  <testcase classname="com.example.tests.TestNG_Test" name="TestNG_VerifyTitle" time="19.886"/>
  <testcase classname="com.example.tests.TestNG_Test" name="Test_Fail" time="0.002"/>
</testsuite> <!-- com.example.tests.TestNG_Test -->
