<?xml version="1.0" encoding="UTF-8"?>
<!-- Generated by org.testng.reporters.JUnitReportReporter -->
<testsuite hostname="DESKTOP-1J6Q2U8" failures="0" tests="1" name="com.example.tests.Handles_Cookies" time="12.596" errors="0" timestamp="2025-05-29T13:53:58 IST" skipped="0">
  <testcase classname="com.example.tests.Handles_Cookies" name="handleCookiesTest" time="12.596"/>
</testsuite> <!-- com.example.tests.Handles_Cookies -->
