<?xml version="1.0" encoding="UTF-8"?>
<!-- Generated by org.testng.reporters.JUnitReportReporter -->
<testsuite hostname="DESKTOP-1J6Q2U8" failures="0" tests="1" name="com.example.tests.One_statement_fill_form" time="14.301" errors="0" timestamp="2025-05-29T15:57:31 IST" skipped="0">
  <testcase classname="com.example.tests.One_statement_fill_form" name="main" time="14.301"/>
</testsuite> <!-- com.example.tests.One_statement_fill_form -->
