<?xml version="1.0" encoding="UTF-8"?>
<!-- Generated by org.testng.reporters.JUnitReportReporter -->
<testsuite hostname="DESKTOP-1J6Q2U8" failures="0" tests="1" name="com.example.tests.POM_without_page_factory_Test" time="7.120" errors="0" timestamp="2025-05-30T11:13:08 IST" skipped="0">
  <testcase classname="com.example.tests.POM_without_page_factory_Test" name="testLoginFunctionality" time="7.120"/>
</testsuite> <!-- com.example.tests.POM_without_page_factory_Test -->
